[0mCompiling "target/android/not-used.js" from ["src" "env/dev"]...
notifying browser that file changed:  target/android/goog/deps.js
notifying browser that file changed:  target/android/cljs_deps.js
notifying browser that file changed:  out/simple_screen_recorder/android/core.js
[32mSuccessfully compiled "target/android/not-used.js" in 0.843 seconds.[0m
[0mCompiling "target/android/not-used.js" from ["src" "env/dev"]...
notifying browser that file changed:  out/simple_screen_recorder/android/core.js
[32mSuccessfully compiled "target/android/not-used.js" in 0.609 seconds.[0m
[0mCompiling "target/android/not-used.js" from ["src" "env/dev"]...
notifying browser that file changed:  out/simple_screen_recorder/android/core.js
[32mSuccessfully compiled "target/android/not-used.js" in 0.396 seconds.[0m
[0mCompiling "target/android/not-used.js" from ["src" "env/dev"]...
notifying browser that file changed:  out/simple_screen_recorder/android/core.js
[32mSuccessfully compiled "target/android/not-used.js" in 0.47 seconds.[0m
[0mCompiling "target/android/not-used.js" from ["src" "env/dev"]...
notifying browser that file changed:  out/simple_screen_recorder/android/core.js
[32mSuccessfully compiled "target/android/not-used.js" in 0.455 seconds.[0m
[0mCompiling "target/android/not-used.js" from ["src" "env/dev"]...
notifying browser that file changed:  out/simple_screen_recorder/android/core.js
[32mSuccessfully compiled "target/android/not-used.js" in 0.415 seconds.[0m
[0mCompiling "target/android/not-used.js" from ["src" "env/dev"]...
notifying browser that file changed:  out/simple_screen_recorder/android/core.js
[32mSuccessfully compiled "target/android/not-used.js" in 0.579 seconds.[0m
[0mCompiling "target/android/not-used.js" from ["src" "env/dev"]...
notifying browser that file changed:  out/simple_screen_recorder/android/core.js
[32mSuccessfully compiled "target/android/not-used.js" in 0.397 seconds.[0m
[0mCompiling "target/android/not-used.js" from ["src" "env/dev"]...
notifying browser that file changed:  out/simple_screen_recorder/android/core.js
[32mSuccessfully compiled "target/android/not-used.js" in 0.545 seconds.[0m
[0mCompiling "target/android/not-used.js" from ["src" "env/dev"]...
notifying browser that file changed:  out/simple_screen_recorder/android/core.js
[32mSuccessfully compiled "target/android/not-used.js" in 0.423 seconds.[0m
[0mCompiling "target/android/not-used.js" from ["src" "env/dev"]...
notifying browser that file changed:  out/simple_screen_recorder/android/core.js
[32mSuccessfully compiled "target/android/not-used.js" in 0.501 seconds.[0m
[0mCompiling "target/android/not-used.js" from ["src" "env/dev"]...
notifying browser that file changed:  out/simple_screen_recorder/android/core.js
[32mSuccessfully compiled "target/android/not-used.js" in 0.354 seconds.[0m
[0mCompiling "target/android/not-used.js" from ["src" "env/dev"]...
notifying browser that file changed:  out/simple_screen_recorder/android/core.js
[32mSuccessfully compiled "target/android/not-used.js" in 0.418 seconds.[0m
[0mCompiling "target/android/not-used.js" from ["src" "env/dev"]...
notifying browser that file changed:  out/simple_screen_recorder/android/core.js
[32mSuccessfully compiled "target/android/not-used.js" in 0.436 seconds.[0m
[0mCompiling "target/android/not-used.js" from ["src" "env/dev"]...
notifying browser that file changed:  out/simple_screen_recorder/android/core.js
[32mSuccessfully compiled "target/android/not-used.js" in 0.447 seconds.[0m
[0mCompiling "target/android/not-used.js" from ["src" "env/dev"]...
notifying browser that file changed:  out/simple_screen_recorder/android/core.js
[32mSuccessfully compiled "target/android/not-used.js" in 0.403 seconds.[0m
[0mCompiling "target/android/not-used.js" from ["src" "env/dev"]...
notifying browser that file changed:  out/simple_screen_recorder/android/core.js
[32mSuccessfully compiled "target/android/not-used.js" in 0.374 seconds.[0m
[0mCompiling "target/android/not-used.js" from ["src" "env/dev"]...
notifying browser that file changed:  out/simple_screen_recorder/android/core.js
[32mSuccessfully compiled "target/android/not-used.js" in 0.453 seconds.[0m
[0mCompiling "target/android/not-used.js" from ["src" "env/dev"]...
notifying browser that file changed:  out/simple_screen_recorder/android/core.js
[32mSuccessfully compiled "target/android/not-used.js" in 0.399 seconds.[0m
[0mCompiling "target/android/not-used.js" from ["src" "env/dev"]...
notifying browser that file changed:  out/simple_screen_recorder/android/core.js
[32mSuccessfully compiled "target/android/not-used.js" in 0.36 seconds.[0m
[0mCompiling "target/android/not-used.js" from ["src" "env/dev"]...
notifying browser that file changed:  out/simple_screen_recorder/android/core.js
[32mSuccessfully compiled "target/android/not-used.js" in 0.537 seconds.[0m
[0mCompiling "target/android/not-used.js" from ["src" "env/dev"]...
notifying browser that file changed:  out/simple_screen_recorder/android/core.js
[32mSuccessfully compiled "target/android/not-used.js" in 0.433 seconds.[0m
[0mCompiling "target/android/not-used.js" from ["src" "env/dev"]...
notifying browser that file changed:  out/simple_screen_recorder/android/core.js
[32mSuccessfully compiled "target/android/not-used.js" in 0.527 seconds.[0m
[0mCompiling "target/android/not-used.js" from ["src" "env/dev"]...
notifying browser that file changed:  out/simple_screen_recorder/android/core.js
[32mSuccessfully compiled "target/android/not-used.js" in 0.521 seconds.[0m
[0mCompiling "target/android/not-used.js" from ["src" "env/dev"]...
notifying browser that file changed:  out/simple_screen_recorder/android/core.js
[32mSuccessfully compiled "target/android/not-used.js" in 0.514 seconds.[0m
[0mCompiling "target/android/not-used.js" from ["src" "env/dev"]...
notifying browser that file changed:  out/simple_screen_recorder/android/core.js
[32mSuccessfully compiled "target/android/not-used.js" in 0.454 seconds.[0m
[0mCompiling "target/android/not-used.js" from ["src" "env/dev"]...
notifying browser that file changed:  out/simple_screen_recorder/android/core.js
[32mSuccessfully compiled "target/android/not-used.js" in 0.42 seconds.[0m
[0mCompiling "target/android/not-used.js" from ["src" "env/dev"]...
notifying browser that file changed:  out/simple_screen_recorder/android/core.js
[32mSuccessfully compiled "target/android/not-used.js" in 0.359 seconds.[0m
[0mCompiling "target/android/not-used.js" from ["src" "env/dev"]...
notifying browser that file changed:  out/simple_screen_recorder/android/core.js
[32mSuccessfully compiled "target/android/not-used.js" in 0.439 seconds.[0m
[0mCompiling "target/android/not-used.js" from ["src" "env/dev"]...
notifying browser that file changed:  out/simple_screen_recorder/android/core.js
[32mSuccessfully compiled "target/android/not-used.js" in 0.477 seconds.[0m
[0mCompiling "target/android/not-used.js" from ["src" "env/dev"]...
notifying browser that file changed:  out/simple_screen_recorder/android/core.js
[32mSuccessfully compiled "target/android/not-used.js" in 0.47 seconds.[0m
[0mCompiling "target/android/not-used.js" from ["src" "env/dev"]...
notifying browser that file changed:  out/simple_screen_recorder/android/core.js
[32mSuccessfully compiled "target/android/not-used.js" in 0.417 seconds.[0m
[0mCompiling "target/android/not-used.js" from ["src" "env/dev"]...
notifying browser that file changed:  out/simple_screen_recorder/android/core.js
[32mSuccessfully compiled "target/android/not-used.js" in 0.381 seconds.[0m
[0mCompiling "target/android/not-used.js" from ["src" "env/dev"]...
notifying browser that file changed:  out/simple_screen_recorder/android/core.js
[32mSuccessfully compiled "target/android/not-used.js" in 0.401 seconds.[0m
[0mCompiling "target/android/not-used.js" from ["src" "env/dev"]...
notifying browser that file changed:  out/simple_screen_recorder/android/core.js
[32mSuccessfully compiled "target/android/not-used.js" in 0.389 seconds.[0m
[0mCompiling "target/android/not-used.js" from ["src" "env/dev"]...
notifying browser that file changed:  out/simple_screen_recorder/android/core.js
[32mSuccessfully compiled "target/android/not-used.js" in 0.464 seconds.[0m
[0mCompiling "target/android/not-used.js" from ["src" "env/dev"]...
notifying browser that file changed:  out/simple_screen_recorder/android/core.js
[32mSuccessfully compiled "target/android/not-used.js" in 0.389 seconds.[0m
[0mCompiling "target/android/not-used.js" from ["src" "env/dev"]...
notifying browser that file changed:  out/simple_screen_recorder/android/core.js
[32mSuccessfully compiled "target/android/not-used.js" in 0.433 seconds.[0m
[0mCompiling "target/android/not-used.js" from ["src" "env/dev"]...
notifying browser that file changed:  out/simple_screen_recorder/android/core.js
[32mSuccessfully compiled "target/android/not-used.js" in 0.362 seconds.[0m
[0mCompiling "target/android/not-used.js" from ["src" "env/dev"]...
notifying browser that file changed:  out/simple_screen_recorder/android/core.js
[32mSuccessfully compiled "target/android/not-used.js" in 0.408 seconds.[0m
[0mCompiling "target/android/not-used.js" from ["src" "env/dev"]...
notifying browser that file changed:  out/simple_screen_recorder/android/core.js
[32mSuccessfully compiled "target/android/not-used.js" in 0.392 seconds.[0m
[0mCompiling "target/android/not-used.js" from ["src" "env/dev"]...
notifying browser that file changed:  out/simple_screen_recorder/android/core.js
[32mSuccessfully compiled "target/android/not-used.js" in 0.445 seconds.[0m
[0mCompiling "target/android/not-used.js" from ["src" "env/dev"]...
notifying browser that file changed:  out/simple_screen_recorder/android/core.js
[32mSuccessfully compiled "target/android/not-used.js" in 0.452 seconds.[0m
[0mCompiling "target/android/not-used.js" from ["src" "env/dev"]...
notifying browser that file changed:  out/simple_screen_recorder/android/core.js
[32mSuccessfully compiled "target/android/not-used.js" in 0.48 seconds.[0m
[0mCompiling "target/android/not-used.js" from ["src" "env/dev"]...
notifying browser that file changed:  out/simple_screen_recorder/android/core.js
[32mSuccessfully compiled "target/android/not-used.js" in 0.411 seconds.[0m
[0mCompiling "target/android/not-used.js" from ["src" "env/dev"]...
[31mCompiling "target/android/not-used.js" failed.
[0mERROR: Map literal must contain an even number of forms on file /home/eissek87/Clojurescript/simple-screen-recorder/src/simple_screen_recorder/android/core.cljs, line 24, column 36
[32mSuccessfully compiled "target/android/not-used.js" in 0.271 seconds.[0m
[0mCompiling "target/android/not-used.js" from ["src" "env/dev"]...
notifying browser that file changed:  out/simple_screen_recorder/android/core.js
[32mSuccessfully compiled "target/android/not-used.js" in 0.412 seconds.[0m
[0mCompiling "target/android/not-used.js" from ["src" "env/dev"]...
notifying browser that file changed:  out/simple_screen_recorder/android/core.js
[32mSuccessfully compiled "target/android/not-used.js" in 0.517 seconds.[0m
[0mCompiling "target/android/not-used.js" from ["src" "env/dev"]...
notifying browser that file changed:  out/simple_screen_recorder/android/core.js
[32mSuccessfully compiled "target/android/not-used.js" in 0.464 seconds.[0m
[0mCompiling "target/android/not-used.js" from ["src" "env/dev"]...
notifying browser that file changed:  out/simple_screen_recorder/android/core.js
[32mSuccessfully compiled "target/android/not-used.js" in 0.41 seconds.[0m
[0mCompiling "target/android/not-used.js" from ["src" "env/dev"]...
notifying browser that file changed:  out/simple_screen_recorder/android/core.js
[32mSuccessfully compiled "target/android/not-used.js" in 0.491 seconds.[0m
[0mCompiling "target/android/not-used.js" from ["src" "env/dev"]...
notifying browser that file changed:  out/simple_screen_recorder/android/core.js
[32mSuccessfully compiled "target/android/not-used.js" in 0.462 seconds.[0m
[0mCompiling "target/android/not-used.js" from ["src" "env/dev"]...
notifying browser that file changed:  out/simple_screen_recorder/android/core.js
[32mSuccessfully compiled "target/android/not-used.js" in 0.477 seconds.[0m
[0mCompiling "target/android/not-used.js" from ["src" "env/dev"]...
notifying browser that file changed:  out/simple_screen_recorder/android/core.js
[32mSuccessfully compiled "target/android/not-used.js" in 0.431 seconds.[0m
[0mCompiling "target/android/not-used.js" from ["src" "env/dev"]...
notifying browser that file changed:  out/simple_screen_recorder/android/core.js
[32mSuccessfully compiled "target/android/not-used.js" in 0.566 seconds.[0m
[0mCompiling "target/android/not-used.js" from ["src" "env/dev"]...
notifying browser that file changed:  out/simple_screen_recorder/android/core.js
[32mSuccessfully compiled "target/android/not-used.js" in 0.44 seconds.[0m
[0mCompiling "target/android/not-used.js" from ["src" "env/dev"]...
notifying browser that file changed:  out/simple_screen_recorder/android/core.js
[32mSuccessfully compiled "target/android/not-used.js" in 0.483 seconds.[0m
[0mCompiling "target/android/not-used.js" from ["src" "env/dev"]...
notifying browser that file changed:  out/simple_screen_recorder/android/core.js
[32mSuccessfully compiled "target/android/not-used.js" in 0.419 seconds.[0m
[0mCompiling "target/android/not-used.js" from ["src" "env/dev"]...
notifying browser that file changed:  out/simple_screen_recorder/android/core.js
[32mSuccessfully compiled "target/android/not-used.js" in 0.526 seconds.[0m
[0mCompiling "target/android/not-used.js" from ["src" "env/dev"]...
notifying browser that file changed:  out/simple_screen_recorder/android/core.js
[32mSuccessfully compiled "target/android/not-used.js" in 0.42 seconds.[0m
[0mCompiling "target/android/not-used.js" from ["src" "env/dev"]...
notifying browser that file changed:  out/simple_screen_recorder/android/core.js
[32mSuccessfully compiled "target/android/not-used.js" in 0.424 seconds.[0m
[0mCompiling "target/android/not-used.js" from ["src" "env/dev"]...
notifying browser that file changed:  out/simple_screen_recorder/android/core.js
[32mSuccessfully compiled "target/android/not-used.js" in 0.498 seconds.[0m
[0mCompiling "target/android/not-used.js" from ["src" "env/dev"]...
notifying browser that file changed:  out/simple_screen_recorder/android/core.js
[32mSuccessfully compiled "target/android/not-used.js" in 0.521 seconds.[0m
[0mCompiling "target/android/not-used.js" from ["src" "env/dev"]...
notifying browser that file changed:  out/simple_screen_recorder/android/core.js
[32mSuccessfully compiled "target/android/not-used.js" in 0.586 seconds.[0m
[0mCompiling "target/android/not-used.js" from ["src" "env/dev"]...
notifying browser that file changed:  out/simple_screen_recorder/android/core.js
[32mSuccessfully compiled "target/android/not-used.js" in 0.579 seconds.[0m
[0mCompiling "target/android/not-used.js" from ["src" "env/dev"]...
[31mCompiling "target/android/not-used.js" failed.
[0mERROR: Invalid token: :width: on file /home/eissek87/Clojurescript/simple-screen-recorder/src/simple_screen_recorder/android/core.cljs, line 29, column 73
[32mSuccessfully compiled "target/android/not-used.js" in 0.396 seconds.[0m
[0mCompiling "target/android/not-used.js" from ["src" "env/dev"]...
[31mCompiling "target/android/not-used.js" failed.
[0mERROR: Invalid token: :width: on file /home/eissek87/Clojurescript/simple-screen-recorder/src/simple_screen_recorder/android/core.cljs, line 29, column 73
[32mSuccessfully compiled "target/android/not-used.js" in 0.458 seconds.[0m
[0mCompiling "target/android/not-used.js" from ["src" "env/dev"]...
[31mCompiling "target/android/not-used.js" failed.
[0mERROR: Invalid token: :width: on file /home/eissek87/Clojurescript/simple-screen-recorder/src/simple_screen_recorder/android/core.cljs, line 29, column 94
[32mSuccessfully compiled "target/android/not-used.js" in 0.409 seconds.[0m
[0mCompiling "target/android/not-used.js" from ["src" "env/dev"]...
[31mCompiling "target/android/not-used.js" failed.
[0mERROR: Invalid token: :width: on file /home/eissek87/Clojurescript/simple-screen-recorder/src/simple_screen_recorder/android/core.cljs, line 30, column 94
[32mSuccessfully compiled "target/android/not-used.js" in 0.403 seconds.[0m
[0mCompiling "target/android/not-used.js" from ["src" "env/dev"]...
[31mCompiling "target/android/not-used.js" failed.
[0mERROR: Invalid token: :width: on file /home/eissek87/Clojurescript/simple-screen-recorder/src/simple_screen_recorder/android/core.cljs, line 34, column 94
[32mSuccessfully compiled "target/android/not-used.js" in 0.365 seconds.[0m
[0mCompiling "target/android/not-used.js" from ["src" "env/dev"]...
notifying browser that file changed:  out/simple_screen_recorder/android/core.js
[32mSuccessfully compiled "target/android/not-used.js" in 0.519 seconds.[0m
[0mCompiling "target/android/not-used.js" from ["src" "env/dev"]...
notifying browser that file changed:  out/simple_screen_recorder/android/core.js
[32mSuccessfully compiled "target/android/not-used.js" in 0.476 seconds.[0m
[0mCompiling "target/android/not-used.js" from ["src" "env/dev"]...
notifying browser that file changed:  out/simple_screen_recorder/android/core.js
[32mSuccessfully compiled "target/android/not-used.js" in 0.518 seconds.[0m
[0mCompiling "target/android/not-used.js" from ["src" "env/dev"]...
notifying browser that file changed:  out/simple_screen_recorder/android/core.js
[32mSuccessfully compiled "target/android/not-used.js" in 0.473 seconds.[0m
[0mCompiling "target/android/not-used.js" from ["src" "env/dev"]...
notifying browser that file changed:  out/simple_screen_recorder/android/core.js
[32mSuccessfully compiled "target/android/not-used.js" in 0.472 seconds.[0m
[0mCompiling "target/android/not-used.js" from ["src" "env/dev"]...
notifying browser that file changed:  out/simple_screen_recorder/android/core.js
[32mSuccessfully compiled "target/android/not-used.js" in 0.445 seconds.[0m
[0mCompiling "target/android/not-used.js" from ["src" "env/dev"]...
notifying browser that file changed:  out/simple_screen_recorder/android/core.js
[32mSuccessfully compiled "target/android/not-used.js" in 0.524 seconds.[0m
[0mCompiling "target/android/not-used.js" from ["src" "env/dev"]...
notifying browser that file changed:  out/simple_screen_recorder/android/core.js
[32mSuccessfully compiled "target/android/not-used.js" in 0.48 seconds.[0m
[0mCompiling "target/android/not-used.js" from ["src" "env/dev"]...
notifying browser that file changed:  out/simple_screen_recorder/android/core.js
[32mSuccessfully compiled "target/android/not-used.js" in 0.551 seconds.[0m
[0mCompiling "target/android/not-used.js" from ["src" "env/dev"]...
notifying browser that file changed:  out/simple_screen_recorder/android/core.js
[32mSuccessfully compiled "target/android/not-used.js" in 0.415 seconds.[0m
[0mCompiling "target/android/not-used.js" from ["src" "env/dev"]...
notifying browser that file changed:  out/simple_screen_recorder/android/core.js
[32mSuccessfully compiled "target/android/not-used.js" in 0.498 seconds.[0m
[0mCompiling "target/android/not-used.js" from ["src" "env/dev"]...
notifying browser that file changed:  out/simple_screen_recorder/android/core.js
[32mSuccessfully compiled "target/android/not-used.js" in 0.422 seconds.[0m
[0mCompiling "target/android/not-used.js" from ["src" "env/dev"]...
notifying browser that file changed:  out/simple_screen_recorder/android/core.js
[32mSuccessfully compiled "target/android/not-used.js" in 0.448 seconds.[0m
[0mCompiling "target/android/not-used.js" from ["src" "env/dev"]...
notifying browser that file changed:  out/simple_screen_recorder/android/core.js
[32mSuccessfully compiled "target/android/not-used.js" in 0.521 seconds.[0m
[0mCompiling "target/android/not-used.js" from ["src" "env/dev"]...
WARNING: Use of undeclared Var simple-screen-recorder.android.core/row at line 32 /home/eissek87/Clojurescript/simple-screen-recorder/src/simple_screen_recorder/android/core.cljs
notifying browser that file changed:  out/simple_screen_recorder/android/core.js
[32mSuccessfully compiled "target/android/not-used.js" in 0.635 seconds.[0m
[0mCompiling "target/android/not-used.js" from ["src" "env/dev"]...
notifying browser that file changed:  out/simple_screen_recorder/android/core.js
[32mSuccessfully compiled "target/android/not-used.js" in 0.495 seconds.[0m
[0mCompiling "target/android/not-used.js" from ["src" "env/dev"]...
notifying browser that file changed:  out/simple_screen_recorder/android/core.js
[32mSuccessfully compiled "target/android/not-used.js" in 0.49 seconds.[0m
[0mCompiling "target/android/not-used.js" from ["src" "env/dev"]...
notifying browser that file changed:  out/simple_screen_recorder/android/core.js
[32mSuccessfully compiled "target/android/not-used.js" in 0.449 seconds.[0m
[0mCompiling "target/android/not-used.js" from ["src" "env/dev"]...
notifying browser that file changed:  out/simple_screen_recorder/android/core.js
[32mSuccessfully compiled "target/android/not-used.js" in 0.426 seconds.[0m
[0mCompiling "target/android/not-used.js" from ["src" "env/dev"]...
notifying browser that file changed:  out/simple_screen_recorder/android/core.js
[32mSuccessfully compiled "target/android/not-used.js" in 0.487 seconds.[0m
[0mCompiling "target/android/not-used.js" from ["src" "env/dev"]...
notifying browser that file changed:  out/simple_screen_recorder/android/core.js
[32mSuccessfully compiled "target/android/not-used.js" in 0.532 seconds.[0m
[0mCompiling "target/android/not-used.js" from ["src" "env/dev"]...
[31mCompiling "target/android/not-used.js" failed.
[0mERROR: Map literal must contain an even number of forms on file /home/eissek87/Clojurescript/simple-screen-recorder/src/simple_screen_recorder/android/core.cljs, line 32, column 37
[32mSuccessfully compiled "target/android/not-used.js" in 0.427 seconds.[0m
[0mCompiling "target/android/not-used.js" from ["src" "env/dev"]...
[31mCompiling "target/android/not-used.js" failed.
[0mERROR: Map literal must contain an even number of forms on file /home/eissek87/Clojurescript/simple-screen-recorder/src/simple_screen_recorder/android/core.cljs, line 37, column 45
[32mSuccessfully compiled "target/android/not-used.js" in 0.437 seconds.[0m
[0mCompiling "target/android/not-used.js" from ["src" "env/dev"]...
[31mCompiling "target/android/not-used.js" failed.
[0mERROR: Map literal must contain an even number of forms on file /home/eissek87/Clojurescript/simple-screen-recorder/src/simple_screen_recorder/android/core.cljs, line 37, column 45
[32mSuccessfully compiled "target/android/not-used.js" in 0.436 seconds.[0m
[0mCompiling "target/android/not-used.js" from ["src" "env/dev"]...
[31mCompiling "target/android/not-used.js" failed.
[0mERROR: Map literal must contain an even number of forms on file /home/eissek87/Clojurescript/simple-screen-recorder/src/simple_screen_recorder/android/core.cljs, line 38, column 45
[32mSuccessfully compiled "target/android/not-used.js" in 0.436 seconds.[0m
[0mCompiling "target/android/not-used.js" from ["src" "env/dev"]...
[31mCompiling "target/android/not-used.js" failed.
[0mERROR: Map literal must contain an even number of forms on file /home/eissek87/Clojurescript/simple-screen-recorder/src/simple_screen_recorder/android/core.cljs, line 38, column 45
[32mSuccessfully compiled "target/android/not-used.js" in 0.42 seconds.[0m
[0mCompiling "target/android/not-used.js" from ["src" "env/dev"]...
notifying browser that file changed:  out/simple_screen_recorder/android/core.js
[32mSuccessfully compiled "target/android/not-used.js" in 0.605 seconds.[0m
[0mCompiling "target/android/not-used.js" from ["src" "env/dev"]...
[31mCompiling "target/android/not-used.js" failed.
[0mERROR: Map literal must contain an even number of forms on file /home/eissek87/Clojurescript/simple-screen-recorder/src/simple_screen_recorder/android/core.cljs, line 38, column 45
[32mSuccessfully compiled "target/android/not-used.js" in 0.426 seconds.[0m
[0mCompiling "target/android/not-used.js" from ["src" "env/dev"]...
[31mCompiling "target/android/not-used.js" failed.
[0mERROR: Map literal must contain an even number of forms on file /home/eissek87/Clojurescript/simple-screen-recorder/src/simple_screen_recorder/android/core.cljs, line 37, column 45
[32mSuccessfully compiled "target/android/not-used.js" in 0.328 seconds.[0m
[0mCompiling "target/android/not-used.js" from ["src" "env/dev"]...
[31mCompiling "target/android/not-used.js" failed.
[0mERROR: Map literal must contain an even number of forms on file /home/eissek87/Clojurescript/simple-screen-recorder/src/simple_screen_recorder/android/core.cljs, line 37, column 45
[32mSuccessfully compiled "target/android/not-used.js" in 0.375 seconds.[0m
[0mCompiling "target/android/not-used.js" from ["src" "env/dev"]...
[31mCompiling "target/android/not-used.js" failed.
[0mERROR: Map literal must contain an even number of forms on file /home/eissek87/Clojurescript/simple-screen-recorder/src/simple_screen_recorder/android/core.cljs, line 37, column 45
[32mSuccessfully compiled "target/android/not-used.js" in 0.308 seconds.[0m
[0mCompiling "target/android/not-used.js" from ["src" "env/dev"]...
notifying browser that file changed:  target/android/goog/deps.js
notifying browser that file changed:  target/android/cljs_deps.js
notifying browser that file changed:  out/simple_screen_recorder/android/core.js
[32mSuccessfully compiled "target/android/not-used.js" in 0.86 seconds.[0m
[0mCompiling "target/android/not-used.js" from ["src" "env/dev"]...
notifying browser that file changed:  out/simple_screen_recorder/android/core.js
[32mSuccessfully compiled "target/android/not-used.js" in 0.629 seconds.[0m
[0mCompiling "target/android/not-used.js" from ["src" "env/dev"]...
notifying browser that file changed:  out/simple_screen_recorder/android/core.js
[32mSuccessfully compiled "target/android/not-used.js" in 0.535 seconds.[0m
[0mCompiling "target/android/not-used.js" from ["src" "env/dev"]...
notifying browser that file changed:  out/simple_screen_recorder/android/core.js
[32mSuccessfully compiled "target/android/not-used.js" in 0.447 seconds.[0m
